<?xml version="1.0" encoding="UTF-8"?>
<!-- Generated by org.testng.reporters.JUnitXMLReporter -->
<testsuite hostname="LAPTOP-FGV6AHHK" ignored="0" name="Default test" tests="1" failures="0" timestamp="11 Mar 2021 06:24:24 GMT" time="6.298" errors="0">
  <testcase name="@AfterClass close" time="0.006" classname="Pratice.First">
    <failure type="java.lang.StackOverflowError">
      <![CDATA[java.lang.StackOverflowError
at Pratice.First.close(First.java:15)
at Pratice.First.close(First.java:15)
at Pratice.First.close(First.java:15)
at Pratice.First.close(First.java:15)
at Pratice.First.close(First.java:15)
at Pratice.First.close(First.java:15)
at Pratice.First.close(First.java:15)
at Pratice.First.close(First.java:15)
at Pratice.First.close(First.java:15)
at Pratice.First.close(First.java:15)
at Pratice.First.close(First.java:15)
at Pratice.First.close(First.java:15)
at Pratice.First.close(First.java:15)
at Pratice.First.close(First.java:15)
at Pratice.First.close(First.java:15)
at Pratice.First.close(First.java:15)
at Pratice.First.close(First.java:15)
at Pratice.First.close(First.java:15)
at Pratice.First.close(First.java:15)
at Pratice.First.close(First.java:15)
at Pratice.First.close(First.java:15)
at Pratice.First.close(First.java:15)
at Pratice.First.close(First.java:15)
at Pratice.First.close(First.java:15)
at Pratice.First.close(First.java:15)
at Pratice.First.close(First.java:15)
at Pratice.First.close(First.java:15)
at Pratice.First.close(First.java:15)
at Pratice.First.close(First.java:15)
at Pratice.First.close(First.java:15)
at Pratice.First.close(First.java:15)
at Pratice.First.close(First.java:15)
at Pratice.First.close(First.java:15)
at Pratice.First.close(First.java:15)
at Pratice.First.close(First.java:15)
at Pratice.First.close(First.java:15)
at Pratice.First.close(First.java:15)
at Pratice.First.close(First.java:15)
at Pratice.First.close(First.java:15)
at Pratice.First.close(First.java:15)
at Pratice.First.close(First.java:15)
at Pratice.First.close(First.java:15)
at Pratice.First.close(First.java:15)
at Pratice.First.close(First.java:15)
at Pratice.First.close(First.java:15)
at Pratice.First.close(First.java:15)
at Pratice.First.close(First.java:15)
at Pratice.First.close(First.java:15)
at Pratice.First.close(First.java:15)
at Pratice.First.close(First.java:15)
at Pratice.First.close(First.java:15)
at Pratice.First.close(First.java:15)
at Pratice.First.close(First.java:15)
at Pratice.First.close(First.java:15)
at Pratice.First.close(First.java:15)
at Pratice.First.close(First.java:15)
at Pratice.First.close(First.java:15)
at Pratice.First.close(First.java:15)
at Pratice.First.close(First.java:15)
at Pratice.First.close(First.java:15)
at Pratice.First.close(First.java:15)
at Pratice.First.close(First.java:15)
at Pratice.First.close(First.java:15)
at Pratice.First.close(First.java:15)
at Pratice.First.close(First.java:15)
at Pratice.First.close(First.java:15)
at Pratice.First.close(First.java:15)
at Pratice.First.close(First.java:15)
at Pratice.First.close(First.java:15)
at Pratice.First.close(First.java:15)
at Pratice.First.close(First.java:15)
at Pratice.First.close(First.java:15)
at Pratice.First.close(First.java:15)
at Pratice.First.close(First.java:15)
at Pratice.First.close(First.java:15)
at Pratice.First.close(First.java:15)
at Pratice.First.close(First.java:15)
at Pratice.First.close(First.java:15)
at Pratice.First.close(First.java:15)
at Pratice.First.close(First.java:15)
at Pratice.First.close(First.java:15)
at Pratice.First.close(First.java:15)
at Pratice.First.close(First.java:15)
at Pratice.First.close(First.java:15)
at Pratice.First.close(First.java:15)
at Pratice.First.close(First.java:15)
at Pratice.First.close(First.java:15)
at Pratice.First.close(First.java:15)
at Pratice.First.close(First.java:15)
at Pratice.First.close(First.java:15)
at Pratice.First.close(First.java:15)
at Pratice.First.close(First.java:15)
at Pratice.First.close(First.java:15)
at Pratice.First.close(First.java:15)
at Pratice.First.close(First.java:15)
at Pratice.First.close(First.java:15)
at Pratice.First.close(First.java:15)
at Pratice.First.close(First.java:15)
at Pratice.First.close(First.java:15)
at Pratice.First.close(First.java:15)
at Pratice.First.close(First.java:15)
at Pratice.First.close(First.java:15)
at Pratice.First.close(First.java:15)
at Pratice.First.close(First.java:15)
at Pratice.First.close(First.java:15)
at Pratice.First.close(First.java:15)
at Pratice.First.close(First.java:15)
at Pratice.First.close(First.java:15)
at Pratice.First.close(First.java:15)
at Pratice.First.close(First.java:15)
at Pratice.First.close(First.java:15)
at Pratice.First.close(First.java:15)
at Pratice.First.close(First.java:15)
at Pratice.First.close(First.java:15)
at Pratice.First.close(First.java:15)
at Pratice.First.close(First.java:15)
at Pratice.First.close(First.java:15)
at Pratice.First.close(First.java:15)
at Pratice.First.close(First.java:15)
at Pratice.First.close(First.java:15)
at Pratice.First.close(First.java:15)
at Pratice.First.close(First.java:15)
at Pratice.First.close(First.java:15)
at Pratice.First.close(First.java:15)
at Pratice.First.close(First.java:15)
at Pratice.First.close(First.java:15)
at Pratice.First.close(First.java:15)
at Pratice.First.close(First.java:15)
at Pratice.First.close(First.java:15)
at Pratice.First.close(First.java:15)
at Pratice.First.close(First.java:15)
at Pratice.First.close(First.java:15)
at Pratice.First.close(First.java:15)
at Pratice.First.close(First.java:15)
at Pratice.First.close(First.java:15)
at Pratice.First.close(First.java:15)
at Pratice.First.close(First.java:15)
at Pratice.First.close(First.java:15)
at Pratice.First.close(First.java:15)
at Pratice.First.close(First.java:15)
at Pratice.First.close(First.java:15)
at Pratice.First.close(First.java:15)
at Pratice.First.close(First.java:15)
at Pratice.First.close(First.java:15)
at Pratice.First.close(First.java:15)
at Pratice.First.close(First.java:15)
at Pratice.First.close(First.java:15)
at Pratice.First.close(First.java:15)
at Pratice.First.close(First.java:15)
at Pratice.First.close(First.java:15)
at Pratice.First.close(First.java:15)
at Pratice.First.close(First.java:15)
at Pratice.First.close(First.java:15)
at Pratice.First.close(First.java:15)
at Pratice.First.close(First.java:15)
at Pratice.First.close(First.java:15)
at Pratice.First.close(First.java:15)
at Pratice.First.close(First.java:15)
at Pratice.First.close(First.java:15)
at Pratice.First.close(First.java:15)
at Pratice.First.close(First.java:15)
at Pratice.First.close(First.java:15)
at Pratice.First.close(First.java:15)
at Pratice.First.close(First.java:15)
at Pratice.First.close(First.java:15)
at Pratice.First.close(First.java:15)
at Pratice.First.close(First.java:15)
at Pratice.First.close(First.java:15)
at Pratice.First.close(First.java:15)
at Pratice.First.close(First.java:15)
at Pratice.First.close(First.java:15)
at Pratice.First.close(First.java:15)
at Pratice.First.close(First.java:15)
at Pratice.First.close(First.java:15)
at Pratice.First.close(First.java:15)
at Pratice.First.close(First.java:15)
at Pratice.First.close(First.java:15)
at Pratice.First.close(First.java:15)
at Pratice.First.close(First.java:15)
at Pratice.First.close(First.java:15)
at Pratice.First.close(First.java:15)
at Pratice.First.close(First.java:15)
at Pratice.First.close(First.java:15)
at Pratice.First.close(First.java:15)
at Pratice.First.close(First.java:15)
at Pratice.First.close(First.java:15)
at Pratice.First.close(First.java:15)
at Pratice.First.close(First.java:15)
at Pratice.First.close(First.java:15)
at Pratice.First.close(First.java:15)
at Pratice.First.close(First.java:15)
at Pratice.First.close(First.java:15)
at Pratice.First.close(First.java:15)
at Pratice.First.close(First.java:15)
at Pratice.First.close(First.java:15)
at Pratice.First.close(First.java:15)
at Pratice.First.close(First.java:15)
at Pratice.First.close(First.java:15)
at Pratice.First.close(First.java:15)
at Pratice.First.close(First.java:15)
at Pratice.First.close(First.java:15)
at Pratice.First.close(First.java:15)
at Pratice.First.close(First.java:15)
at Pratice.First.close(First.java:15)
at Pratice.First.close(First.java:15)
at Pratice.First.close(First.java:15)
at Pratice.First.close(First.java:15)
at Pratice.First.close(First.java:15)
at Pratice.First.close(First.java:15)
at Pratice.First.close(First.java:15)
at Pratice.First.close(First.java:15)
at Pratice.First.close(First.java:15)
at Pratice.First.close(First.java:15)
at Pratice.First.close(First.java:15)
at Pratice.First.close(First.java:15)
at Pratice.First.close(First.java:15)
at Pratice.First.close(First.java:15)
at Pratice.First.close(First.java:15)
at Pratice.First.close(First.java:15)
at Pratice.First.close(First.java:15)
at Pratice.First.close(First.java:15)
at Pratice.First.close(First.java:15)
at Pratice.First.close(First.java:15)
at Pratice.First.close(First.java:15)
at Pratice.First.close(First.java:15)
at Pratice.First.close(First.java:15)
at Pratice.First.close(First.java:15)
at Pratice.First.close(First.java:15)
at Pratice.First.close(First.java:15)
at Pratice.First.close(First.java:15)
at Pratice.First.close(First.java:15)
at Pratice.First.close(First.java:15)
at Pratice.First.close(First.java:15)
at Pratice.First.close(First.java:15)
at Pratice.First.close(First.java:15)
at Pratice.First.close(First.java:15)
at Pratice.First.close(First.java:15)
at Pratice.First.close(First.java:15)
at Pratice.First.close(First.java:15)
at Pratice.First.close(First.java:15)
at Pratice.First.close(First.java:15)
at Pratice.First.close(First.java:15)
at Pratice.First.close(First.java:15)
at Pratice.First.close(First.java:15)
at Pratice.First.close(First.java:15)
at Pratice.First.close(First.java:15)
at Pratice.First.close(First.java:15)
at Pratice.First.close(First.java:15)
at Pratice.First.close(First.java:15)
at Pratice.First.close(First.java:15)
at Pratice.First.close(First.java:15)
at Pratice.First.close(First.java:15)
at Pratice.First.close(First.java:15)
at Pratice.First.close(First.java:15)
at Pratice.First.close(First.java:15)
at Pratice.First.close(First.java:15)
at Pratice.First.close(First.java:15)
at Pratice.First.close(First.java:15)
at Pratice.First.close(First.java:15)
at Pratice.First.close(First.java:15)
at Pratice.First.close(First.java:15)
at Pratice.First.close(First.java:15)
at Pratice.First.close(First.java:15)
at Pratice.First.close(First.java:15)
at Pratice.First.close(First.java:15)
at Pratice.First.close(First.java:15)
at Pratice.First.close(First.java:15)
at Pratice.First.close(First.java:15)
at Pratice.First.close(First.java:15)
at Pratice.First.close(First.java:15)
at Pratice.First.close(First.java:15)
at Pratice.First.close(First.java:15)
at Pratice.First.close(First.java:15)
at Pratice.First.close(First.java:15)
at Pratice.First.close(First.java:15)
at Pratice.First.close(First.java:15)
at Pratice.First.close(First.java:15)
at Pratice.First.close(First.java:15)
at Pratice.First.close(First.java:15)
at Pratice.First.close(First.java:15)
at Pratice.First.close(First.java:15)
at Pratice.First.close(First.java:15)
at Pratice.First.close(First.java:15)
at Pratice.First.close(First.java:15)
at Pratice.First.close(First.java:15)
at Pratice.First.close(First.java:15)
at Pratice.First.close(First.java:15)
at Pratice.First.close(First.java:15)
at Pratice.First.close(First.java:15)
at Pratice.First.close(First.java:15)
at Pratice.First.close(First.java:15)
at Pratice.First.close(First.java:15)
at Pratice.First.close(First.java:15)
at Pratice.First.close(First.java:15)
at Pratice.First.close(First.java:15)
at Pratice.First.close(First.java:15)
at Pratice.First.close(First.java:15)
at Pratice.First.close(First.java:15)
at Pratice.First.close(First.java:15)
at Pratice.First.close(First.java:15)
at Pratice.First.close(First.java:15)
at Pratice.First.close(First.java:15)
at Pratice.First.close(First.java:15)
at Pratice.First.close(First.java:15)
at Pratice.First.close(First.java:15)
at Pratice.First.close(First.java:15)
at Pratice.First.close(First.java:15)
at Pratice.First.close(First.java:15)
at Pratice.First.close(First.java:15)
at Pratice.First.close(First.java:15)
at Pratice.First.close(First.java:15)
at Pratice.First.close(First.java:15)
at Pratice.First.close(First.java:15)
at Pratice.First.close(First.java:15)
at Pratice.First.close(First.java:15)
at Pratice.First.close(First.java:15)
at Pratice.First.close(First.java:15)
at Pratice.First.close(First.java:15)
at Pratice.First.close(First.java:15)
at Pratice.First.close(First.java:15)
at Pratice.First.close(First.java:15)
at Pratice.First.close(First.java:15)
at Pratice.First.close(First.java:15)
at Pratice.First.close(First.java:15)
at Pratice.First.close(First.java:15)
at Pratice.First.close(First.java:15)
at Pratice.First.close(First.java:15)
at Pratice.First.close(First.java:15)
at Pratice.First.close(First.java:15)
at Pratice.First.close(First.java:15)
at Pratice.First.close(First.java:15)
at Pratice.First.close(First.java:15)
at Pratice.First.close(First.java:15)
at Pratice.First.close(First.java:15)
at Pratice.First.close(First.java:15)
at Pratice.First.close(First.java:15)
at Pratice.First.close(First.java:15)
at Pratice.First.close(First.java:15)
at Pratice.First.close(First.java:15)
at Pratice.First.close(First.java:15)
at Pratice.First.close(First.java:15)
at Pratice.First.close(First.java:15)
at Pratice.First.close(First.java:15)
at Pratice.First.close(First.java:15)
at Pratice.First.close(First.java:15)
at Pratice.First.close(First.java:15)
at Pratice.First.close(First.java:15)
at Pratice.First.close(First.java:15)
at Pratice.First.close(First.java:15)
at Pratice.First.close(First.java:15)
at Pratice.First.close(First.java:15)
at Pratice.First.close(First.java:15)
at Pratice.First.close(First.java:15)
at Pratice.First.close(First.java:15)
at Pratice.First.close(First.java:15)
at Pratice.First.close(First.java:15)
at Pratice.First.close(First.java:15)
at Pratice.First.close(First.java:15)
at Pratice.First.close(First.java:15)
at Pratice.First.close(First.java:15)
at Pratice.First.close(First.java:15)
at Pratice.First.close(First.java:15)
at Pratice.First.close(First.java:15)
at Pratice.First.close(First.java:15)
at Pratice.First.close(First.java:15)
at Pratice.First.close(First.java:15)
at Pratice.First.close(First.java:15)
at Pratice.First.close(First.java:15)
at Pratice.First.close(First.java:15)
at Pratice.First.close(First.java:15)
at Pratice.First.close(First.java:15)
at Pratice.First.close(First.java:15)
at Pratice.First.close(First.java:15)
at Pratice.First.close(First.java:15)
at Pratice.First.close(First.java:15)
at Pratice.First.close(First.java:15)
at Pratice.First.close(First.java:15)
at Pratice.First.close(First.java:15)
at Pratice.First.close(First.java:15)
at Pratice.First.close(First.java:15)
at Pratice.First.close(First.java:15)
at Pratice.First.close(First.java:15)
at Pratice.First.close(First.java:15)
at Pratice.First.close(First.java:15)
at Pratice.First.close(First.java:15)
at Pratice.First.close(First.java:15)
at Pratice.First.close(First.java:15)
at Pratice.First.close(First.java:15)
at Pratice.First.close(First.java:15)
at Pratice.First.close(First.java:15)
at Pratice.First.close(First.java:15)
at Pratice.First.close(First.java:15)
at Pratice.First.close(First.java:15)
at Pratice.First.close(First.java:15)
at Pratice.First.close(First.java:15)
at Pratice.First.close(First.java:15)
at Pratice.First.close(First.java:15)
at Pratice.First.close(First.java:15)
at Pratice.First.close(First.java:15)
at Pratice.First.close(First.java:15)
at Pratice.First.close(First.java:15)
at Pratice.First.close(First.java:15)
at Pratice.First.close(First.java:15)
at Pratice.First.close(First.java:15)
at Pratice.First.close(First.java:15)
at Pratice.First.close(First.java:15)
at Pratice.First.close(First.java:15)
at Pratice.First.close(First.java:15)
at Pratice.First.close(First.java:15)
at Pratice.First.close(First.java:15)
at Pratice.First.close(First.java:15)
at Pratice.First.close(First.java:15)
at Pratice.First.close(First.java:15)
at Pratice.First.close(First.java:15)
at Pratice.First.close(First.java:15)
at Pratice.First.close(First.java:15)
at Pratice.First.close(First.java:15)
at Pratice.First.close(First.java:15)
at Pratice.First.close(First.java:15)
at Pratice.First.close(First.java:15)
at Pratice.First.close(First.java:15)
at Pratice.First.close(First.java:15)
at Pratice.First.close(First.java:15)
at Pratice.First.close(First.java:15)
at Pratice.First.close(First.java:15)
at Pratice.First.close(First.java:15)
at Pratice.First.close(First.java:15)
at Pratice.First.close(First.java:15)
at Pratice.First.close(First.java:15)
at Pratice.First.close(First.java:15)
at Pratice.First.close(First.java:15)
at Pratice.First.close(First.java:15)
at Pratice.First.close(First.java:15)
at Pratice.First.close(First.java:15)
at Pratice.First.close(First.java:15)
at Pratice.First.close(First.java:15)
at Pratice.First.close(First.java:15)
at Pratice.First.close(First.java:15)
at Pratice.First.close(First.java:15)
at Pratice.First.close(First.java:15)
at Pratice.First.close(First.java:15)
at Pratice.First.close(First.java:15)
at Pratice.First.close(First.java:15)
at Pratice.First.close(First.java:15)
at Pratice.First.close(First.java:15)
at Pratice.First.close(First.java:15)
at Pratice.First.close(First.java:15)
at Pratice.First.close(First.java:15)
at Pratice.First.close(First.java:15)
at Pratice.First.close(First.java:15)
at Pratice.First.close(First.java:15)
at Pratice.First.close(First.java:15)
at Pratice.First.close(First.java:15)
at Pratice.First.close(First.java:15)
at Pratice.First.close(First.java:15)
at Pratice.First.close(First.java:15)
at Pratice.First.close(First.java:15)
at Pratice.First.close(First.java:15)
at Pratice.First.close(First.java:15)
at Pratice.First.close(First.java:15)
at Pratice.First.close(First.java:15)
at Pratice.First.close(First.java:15)
at Pratice.First.close(First.java:15)
at Pratice.First.close(First.java:15)
at Pratice.First.close(First.java:15)
at Pratice.First.close(First.java:15)
at Pratice.First.close(First.java:15)
at Pratice.First.close(First.java:15)
at Pratice.First.close(First.java:15)
at Pratice.First.close(First.java:15)
at Pratice.First.close(First.java:15)
at Pratice.First.close(First.java:15)
at Pratice.First.close(First.java:15)
at Pratice.First.close(First.java:15)
at Pratice.First.close(First.java:15)
at Pratice.First.close(First.java:15)
at Pratice.First.close(First.java:15)
at Pratice.First.close(First.java:15)
at Pratice.First.close(First.java:15)
at Pratice.First.close(First.java:15)
at Pratice.First.close(First.java:15)
at Pratice.First.close(First.java:15)
at Pratice.First.close(First.java:15)
at Pratice.First.close(First.java:15)
at Pratice.First.close(First.java:15)
at Pratice.First.close(First.java:15)
at Pratice.First.close(First.java:15)
at Pratice.First.close(First.java:15)
at Pratice.First.close(First.java:15)
at Pratice.First.close(First.java:15)
at Pratice.First.close(First.java:15)
at Pratice.First.close(First.java:15)
at Pratice.First.close(First.java:15)
at Pratice.First.close(First.java:15)
at Pratice.First.close(First.java:15)
at Pratice.First.close(First.java:15)
at Pratice.First.close(First.java:15)
at Pratice.First.close(First.java:15)
at Pratice.First.close(First.java:15)
at Pratice.First.close(First.java:15)
at Pratice.First.close(First.java:15)
at Pratice.First.close(First.java:15)
at Pratice.First.close(First.java:15)
at Pratice.First.close(First.java:15)
at Pratice.First.close(First.java:15)
at Pratice.First.close(First.java:15)
at Pratice.First.close(First.java:15)
at Pratice.First.close(First.java:15)
at Pratice.First.close(First.java:15)
at Pratice.First.close(First.java:15)
at Pratice.First.close(First.java:15)
at Pratice.First.close(First.java:15)
at Pratice.First.close(First.java:15)
at Pratice.First.close(First.java:15)
at Pratice.First.close(First.java:15)
at Pratice.First.close(First.java:15)
at Pratice.First.close(First.java:15)
at Pratice.First.close(First.java:15)
at Pratice.First.close(First.java:15)
at Pratice.First.close(First.java:15)
at Pratice.First.close(First.java:15)
at Pratice.First.close(First.java:15)
at Pratice.First.close(First.java:15)
at Pratice.First.close(First.java:15)
at Pratice.First.close(First.java:15)
at Pratice.First.close(First.java:15)
at Pratice.First.close(First.java:15)
at Pratice.First.close(First.java:15)
at Pratice.First.close(First.java:15)
at Pratice.First.close(First.java:15)
at Pratice.First.close(First.java:15)
at Pratice.First.close(First.java:15)
at Pratice.First.close(First.java:15)
at Pratice.First.close(First.java:15)
at Pratice.First.close(First.java:15)
at Pratice.First.close(First.java:15)
at Pratice.First.close(First.java:15)
at Pratice.First.close(First.java:15)
at Pratice.First.close(First.java:15)
at Pratice.First.close(First.java:15)
at Pratice.First.close(First.java:15)
at Pratice.First.close(First.java:15)
at Pratice.First.close(First.java:15)
at Pratice.First.close(First.java:15)
at Pratice.First.close(First.java:15)
at Pratice.First.close(First.java:15)
at Pratice.First.close(First.java:15)
at Pratice.First.close(First.java:15)
at Pratice.First.close(First.java:15)
at Pratice.First.close(First.java:15)
at Pratice.First.close(First.java:15)
at Pratice.First.close(First.java:15)
at Pratice.First.close(First.java:15)
at Pratice.First.close(First.java:15)
at Pratice.First.close(First.java:15)
at Pratice.First.close(First.java:15)
at Pratice.First.close(First.java:15)
at Pratice.First.close(First.java:15)
at Pratice.First.close(First.java:15)
at Pratice.First.close(First.java:15)
at Pratice.First.close(First.java:15)
at Pratice.First.close(First.java:15)
at Pratice.First.close(First.java:15)
at Pratice.First.close(First.java:15)
at Pratice.First.close(First.java:15)
at Pratice.First.close(First.java:15)
at Pratice.First.close(First.java:15)
at Pratice.First.close(First.java:15)
at Pratice.First.close(First.java:15)
at Pratice.First.close(First.java:15)
at Pratice.First.close(First.java:15)
at Pratice.First.close(First.java:15)
at Pratice.First.close(First.java:15)
at Pratice.First.close(First.java:15)
at Pratice.First.close(First.java:15)
at Pratice.First.close(First.java:15)
at Pratice.First.close(First.java:15)
at Pratice.First.close(First.java:15)
at Pratice.First.close(First.java:15)
at Pratice.First.close(First.java:15)
at Pratice.First.close(First.java:15)
at Pratice.First.close(First.java:15)
at Pratice.First.close(First.java:15)
at Pratice.First.close(First.java:15)
at Pratice.First.close(First.java:15)
at Pratice.First.close(First.java:15)
at Pratice.First.close(First.java:15)
at Pratice.First.close(First.java:15)
at Pratice.First.close(First.java:15)
at Pratice.First.close(First.java:15)
at Pratice.First.close(First.java:15)
at Pratice.First.close(First.java:15)
at Pratice.First.close(First.java:15)
at Pratice.First.close(First.java:15)
at Pratice.First.close(First.java:15)
at Pratice.First.close(First.java:15)
at Pratice.First.close(First.java:15)
at Pratice.First.close(First.java:15)
at Pratice.First.close(First.java:15)
at Pratice.First.close(First.java:15)
at Pratice.First.close(First.java:15)
at Pratice.First.close(First.java:15)
at Pratice.First.close(First.java:15)
at Pratice.First.close(First.java:15)
at Pratice.First.close(First.java:15)
at Pratice.First.close(First.java:15)
at Pratice.First.close(First.java:15)
at Pratice.First.close(First.java:15)
at Pratice.First.close(First.java:15)
at Pratice.First.close(First.java:15)
at Pratice.First.close(First.java:15)
at Pratice.First.close(First.java:15)
at Pratice.First.close(First.java:15)
at Pratice.First.close(First.java:15)
at Pratice.First.close(First.java:15)
at Pratice.First.close(First.java:15)
at Pratice.First.close(First.java:15)
at Pratice.First.close(First.java:15)
at Pratice.First.close(First.java:15)
at Pratice.First.close(First.java:15)
at Pratice.First.close(First.java:15)
at Pratice.First.close(First.java:15)
at Pratice.First.close(First.java:15)
at Pratice.First.close(First.java:15)
at Pratice.First.close(First.java:15)
at Pratice.First.close(First.java:15)
at Pratice.First.close(First.java:15)
at Pratice.First.close(First.java:15)
at Pratice.First.close(First.java:15)
at Pratice.First.close(First.java:15)
at Pratice.First.close(First.java:15)
at Pratice.First.close(First.java:15)
at Pratice.First.close(First.java:15)
at Pratice.First.close(First.java:15)
at Pratice.First.close(First.java:15)
at Pratice.First.close(First.java:15)
at Pratice.First.close(First.java:15)
at Pratice.First.close(First.java:15)
at Pratice.First.close(First.java:15)
at Pratice.First.close(First.java:15)
at Pratice.First.close(First.java:15)
at Pratice.First.close(First.java:15)
at Pratice.First.close(First.java:15)
at Pratice.First.close(First.java:15)
at Pratice.First.close(First.java:15)
at Pratice.First.close(First.java:15)
at Pratice.First.close(First.java:15)
at Pratice.First.close(First.java:15)
at Pratice.First.close(First.java:15)
at Pratice.First.close(First.java:15)
at Pratice.First.close(First.java:15)
at Pratice.First.close(First.java:15)
at Pratice.First.close(First.java:15)
at Pratice.First.close(First.java:15)
at Pratice.First.close(First.java:15)
at Pratice.First.close(First.java:15)
at Pratice.First.close(First.java:15)
at Pratice.First.close(First.java:15)
at Pratice.First.close(First.java:15)
at Pratice.First.close(First.java:15)
at Pratice.First.close(First.java:15)
at Pratice.First.close(First.java:15)
at Pratice.First.close(First.java:15)
at Pratice.First.close(First.java:15)
at Pratice.First.close(First.java:15)
at Pratice.First.close(First.java:15)
at Pratice.First.close(First.java:15)
at Pratice.First.close(First.java:15)
at Pratice.First.close(First.java:15)
at Pratice.First.close(First.java:15)
at Pratice.First.close(First.java:15)
at Pratice.First.close(First.java:15)
at Pratice.First.close(First.java:15)
at Pratice.First.close(First.java:15)
at Pratice.First.close(First.java:15)
at Pratice.First.close(First.java:15)
at Pratice.First.close(First.java:15)
at Pratice.First.close(First.java:15)
at Pratice.First.close(First.java:15)
at Pratice.First.close(First.java:15)
at Pratice.First.close(First.java:15)
at Pratice.First.close(First.java:15)
at Pratice.First.close(First.java:15)
at Pratice.First.close(First.java:15)
at Pratice.First.close(First.java:15)
at Pratice.First.close(First.java:15)
at Pratice.First.close(First.java:15)
at Pratice.First.close(First.java:15)
at Pratice.First.close(First.java:15)
at Pratice.First.close(First.java:15)
at Pratice.First.close(First.java:15)
at Pratice.First.close(First.java:15)
at Pratice.First.close(First.java:15)
at Pratice.First.close(First.java:15)
at Pratice.First.close(First.java:15)
at Pratice.First.close(First.java:15)
at Pratice.First.close(First.java:15)
at Pratice.First.close(First.java:15)
at Pratice.First.close(First.java:15)
at Pratice.First.close(First.java:15)
at Pratice.First.close(First.java:15)
at Pratice.First.close(First.java:15)
at Pratice.First.close(First.java:15)
at Pratice.First.close(First.java:15)
at Pratice.First.close(First.java:15)
at Pratice.First.close(First.java:15)
at Pratice.First.close(First.java:15)
at Pratice.First.close(First.java:15)
at Pratice.First.close(First.java:15)
at Pratice.First.close(First.java:15)
at Pratice.First.close(First.java:15)
at Pratice.First.close(First.java:15)
at Pratice.First.close(First.java:15)
at Pratice.First.close(First.java:15)
at Pratice.First.close(First.java:15)
at Pratice.First.close(First.java:15)
at Pratice.First.close(First.java:15)
at Pratice.First.close(First.java:15)
at Pratice.First.close(First.java:15)
at Pratice.First.close(First.java:15)
at Pratice.First.close(First.java:15)
at Pratice.First.close(First.java:15)
at Pratice.First.close(First.java:15)
at Pratice.First.close(First.java:15)
at Pratice.First.close(First.java:15)
at Pratice.First.close(First.java:15)
at Pratice.First.close(First.java:15)
at Pratice.First.close(First.java:15)
at Pratice.First.close(First.java:15)
at Pratice.First.close(First.java:15)
at Pratice.First.close(First.java:15)
at Pratice.First.close(First.java:15)
at Pratice.First.close(First.java:15)
at Pratice.First.close(First.java:15)
at Pratice.First.close(First.java:15)
at Pratice.First.close(First.java:15)
at Pratice.First.close(First.java:15)
at Pratice.First.close(First.java:15)
at Pratice.First.close(First.java:15)
at Pratice.First.close(First.java:15)
at Pratice.First.close(First.java:15)
at Pratice.First.close(First.java:15)
at Pratice.First.close(First.java:15)
at Pratice.First.close(First.java:15)
at Pratice.First.close(First.java:15)
at Pratice.First.close(First.java:15)
at Pratice.First.close(First.java:15)
at Pratice.First.close(First.java:15)
at Pratice.First.close(First.java:15)
at Pratice.First.close(First.java:15)
at Pratice.First.close(First.java:15)
at Pratice.First.close(First.java:15)
at Pratice.First.close(First.java:15)
at Pratice.First.close(First.java:15)
at Pratice.First.close(First.java:15)
at Pratice.First.close(First.java:15)
at Pratice.First.close(First.java:15)
at Pratice.First.close(First.java:15)
at Pratice.First.close(First.java:15)
at Pratice.First.close(First.java:15)
at Pratice.First.close(First.java:15)
at Pratice.First.close(First.java:15)
at Pratice.First.close(First.java:15)
at Pratice.First.close(First.java:15)
at Pratice.First.close(First.java:15)
at Pratice.First.close(First.java:15)
at Pratice.First.close(First.java:15)
at Pratice.First.close(First.java:15)
at Pratice.First.close(First.java:15)
at Pratice.First.close(First.java:15)
at Pratice.First.close(First.java:15)
at Pratice.First.close(First.java:15)
at Pratice.First.close(First.java:15)
at Pratice.First.close(First.java:15)
at Pratice.First.close(First.java:15)
at Pratice.First.close(First.java:15)
at Pratice.First.close(First.java:15)
at Pratice.First.close(First.java:15)
at Pratice.First.close(First.java:15)
at Pratice.First.close(First.java:15)
at Pratice.First.close(First.java:15)
at Pratice.First.close(First.java:15)
at Pratice.First.close(First.java:15)
at Pratice.First.close(First.java:15)
at Pratice.First.close(First.java:15)
at Pratice.First.close(First.java:15)
at Pratice.First.close(First.java:15)
at Pratice.First.close(First.java:15)
at Pratice.First.close(First.java:15)
at Pratice.First.close(First.java:15)
at Pratice.First.close(First.java:15)
at Pratice.First.close(First.java:15)
at Pratice.First.close(First.java:15)
at Pratice.First.close(First.java:15)
at Pratice.First.close(First.java:15)
at Pratice.First.close(First.java:15)
at Pratice.First.close(First.java:15)
at Pratice.First.close(First.java:15)
at Pratice.First.close(First.java:15)
at Pratice.First.close(First.java:15)
at Pratice.First.close(First.java:15)
at Pratice.First.close(First.java:15)
at Pratice.First.close(First.java:15)
at Pratice.First.close(First.java:15)
at Pratice.First.close(First.java:15)
at Pratice.First.close(First.java:15)
at Pratice.First.close(First.java:15)
at Pratice.First.close(First.java:15)
at Pratice.First.close(First.java:15)
at Pratice.First.close(First.java:15)
at Pratice.First.close(First.java:15)
at Pratice.First.close(First.java:15)
at Pratice.First.close(First.java:15)
at Pratice.First.close(First.java:15)
at Pratice.First.close(First.java:15)
at Pratice.First.close(First.java:15)
at Pratice.First.close(First.java:15)
at Pratice.First.close(First.java:15)
at Pratice.First.close(First.java:15)
at Pratice.First.close(First.java:15)
at Pratice.First.close(First.java:15)
at Pratice.First.close(First.java:15)
at Pratice.First.close(First.java:15)
at Pratice.First.close(First.java:15)
at Pratice.First.close(First.java:15)
at Pratice.First.close(First.java:15)
at Pratice.First.close(First.java:15)
at Pratice.First.close(First.java:15)
at Pratice.First.close(First.java:15)
at Pratice.First.close(First.java:15)
at Pratice.First.close(First.java:15)
at Pratice.First.close(First.java:15)
at Pratice.First.close(First.java:15)
at Pratice.First.close(First.java:15)
at Pratice.First.close(First.java:15)
at Pratice.First.close(First.java:15)
at Pratice.First.close(First.java:15)
at Pratice.First.close(First.java:15)
at Pratice.First.close(First.java:15)
at Pratice.First.close(First.java:15)
at Pratice.First.close(First.java:15)
at Pratice.First.close(First.java:15)
at Pratice.First.close(First.java:15)
at Pratice.First.close(First.java:15)
at Pratice.First.close(First.java:15)
at Pratice.First.close(First.java:15)
at Pratice.First.close(First.java:15)
at Pratice.First.close(First.java:15)
at Pratice.First.close(First.java:15)
at Pratice.First.close(First.java:15)
at Pratice.First.close(First.java:15)
at Pratice.First.close(First.java:15)
at Pratice.First.close(First.java:15)
at Pratice.First.close(First.java:15)
at Pratice.First.close(First.java:15)
at Pratice.First.close(First.java:15)
at Pratice.First.close(First.java:15)
at Pratice.First.close(First.java:15)
at Pratice.First.close(First.java:15)
at Pratice.First.close(First.java:15)
at Pratice.First.close(First.java:15)
at Pratice.First.close(First.java:15)
at Pratice.First.close(First.java:15)
at Pratice.First.close(First.java:15)
at Pratice.First.close(First.java:15)
at Pratice.First.close(First.java:15)
at Pratice.First.close(First.java:15)
at Pratice.First.close(First.java:15)
at Pratice.First.close(First.java:15)
at Pratice.First.close(First.java:15)
at Pratice.First.close(First.java:15)
at Pratice.First.close(First.java:15)
at Pratice.First.close(First.java:15)
at Pratice.First.close(First.java:15)
at Pratice.First.close(First.java:15)
at Pratice.First.close(First.java:15)
at Pratice.First.close(First.java:15)
at Pratice.First.close(First.java:15)
at Pratice.First.close(First.java:15)
at Pratice.First.close(First.java:15)
at Pratice.First.close(First.java:15)
at Pratice.First.close(First.java:15)
at Pratice.First.close(First.java:15)
at Pratice.First.close(First.java:15)
at Pratice.First.close(First.java:15)
at Pratice.First.close(First.java:15)
at Pratice.First.close(First.java:15)
at Pratice.First.close(First.java:15)
at Pratice.First.close(First.java:15)
at Pratice.First.close(First.java:15)
at Pratice.First.close(First.java:15)
at Pratice.First.close(First.java:15)
at Pratice.First.close(First.java:15)
at Pratice.First.close(First.java:15)
at Pratice.First.close(First.java:15)
at Pratice.First.close(First.java:15)
at Pratice.First.close(First.java:15)
at Pratice.First.close(First.java:15)
at Pratice.First.close(First.java:15)
at Pratice.First.close(First.java:15)
at Pratice.First.close(First.java:15)
at Pratice.First.close(First.java:15)
at Pratice.First.close(First.java:15)
at Pratice.First.close(First.java:15)
at Pratice.First.close(First.java:15)
at Pratice.First.close(First.java:15)
at Pratice.First.close(First.java:15)
at Pratice.First.close(First.java:15)
at Pratice.First.close(First.java:15)
at Pratice.First.close(First.java:15)
at Pratice.First.close(First.java:15)
at Pratice.First.close(First.java:15)
at Pratice.First.close(First.java:15)
at Pratice.First.close(First.java:15)
at Pratice.First.close(First.java:15)
at Pratice.First.close(First.java:15)
at Pratice.First.close(First.java:15)
at Pratice.First.close(First.java:15)
at Pratice.First.close(First.java:15)
at Pratice.First.close(First.java:15)
at Pratice.First.close(First.java:15)
at Pratice.First.close(First.java:15)
at Pratice.First.close(First.java:15)
at Pratice.First.close(First.java:15)
at Pratice.First.close(First.java:15)
at Pratice.First.close(First.java:15)
at Pratice.First.close(First.java:15)
at Pratice.First.close(First.java:15)
at Pratice.First.close(First.java:15)
at Pratice.First.close(First.java:15)
at Pratice.First.close(First.java:15)
at Pratice.First.close(First.java:15)
at Pratice.First.close(First.java:15)
at Pratice.First.close(First.java:15)
at Pratice.First.close(First.java:15)
at Pratice.First.close(First.java:15)
at Pratice.First.close(First.java:15)
at Pratice.First.close(First.java:15)
at Pratice.First.close(First.java:15)
at Pratice.First.close(First.java:15)
at Pratice.First.close(First.java:15)
at Pratice.First.close(First.java:15)
at Pratice.First.close(First.java:15)
at Pratice.First.close(First.java:15)
at Pratice.First.close(First.java:15)
at Pratice.First.close(First.java:15)
at Pratice.First.close(First.java:15)
at Pratice.First.close(First.java:15)
at Pratice.First.close(First.java:15)
at Pratice.First.close(First.java:15)
at Pratice.First.close(First.java:15)
at Pratice.First.close(First.java:15)
at Pratice.First.close(First.java:15)
at Pratice.First.close(First.java:15)
at Pratice.First.close(First.java:15)
at Pratice.First.close(First.java:15)
at Pratice.First.close(First.java:15)
at Pratice.First.close(First.java:15)
at Pratice.First.close(First.java:15)
at Pratice.First.close(First.java:15)
at Pratice.First.close(First.java:15)
at Pratice.First.close(First.java:15)
at Pratice.First.close(First.java:15)
at Pratice.First.close(First.java:15)
at Pratice.First.close(First.java:15)
at Pratice.First.close(First.java:15)
at Pratice.First.close(First.java:15)
at Pratice.First.close(First.java:15)
at Pratice.First.close(First.java:15)
at Pratice.First.close(First.java:15)
at Pratice.First.close(First.java:15)
at Pratice.First.close(First.java:15)
at Pratice.First.close(First.java:15)
at Pratice.First.close(First.java:15)
at Pratice.First.close(First.java:15)
at Pratice.First.close(First.java:15)
at Pratice.First.close(First.java:15)
at Pratice.First.close(First.java:15)
at Pratice.First.close(First.java:15)
at Pratice.First.close(First.java:15)
at Pratice.First.close(First.java:15)
at Pratice.First.close(First.java:15)
at Pratice.First.close(First.java:15)
at Pratice.First.close(First.java:15)
at Pratice.First.close(First.java:15)
at Pratice.First.close(First.java:15)
at Pratice.First.close(First.java:15)
at Pratice.First.close(First.java:15)
at Pratice.First.close(First.java:15)
at Pratice.First.close(First.java:15)
at Pratice.First.close(First.java:15)
at Pratice.First.close(First.java:15)
at Pratice.First.close(First.java:15)
at Pratice.First.close(First.java:15)
at Pratice.First.close(First.java:15)
at Pratice.First.close(First.java:15)
at Pratice.First.close(First.java:15)
at Pratice.First.close(First.java:15)
at Pratice.First.close(First.java:15)
at Pratice.First.close(First.java:15)
at Pratice.First.close(First.java:15)
at Pratice.First.close(First.java:15)
at Pratice.First.close(First.java:15)
at Pratice.First.close(First.java:15)
at Pratice.First.close(First.java:15)
at Pratice.First.close(First.java:15)
at Pratice.First.close(First.java:15)
at Pratice.First.close(First.java:15)
at Pratice.First.close(First.java:15)
at Pratice.First.close(First.java:15)
at Pratice.First.close(First.java:15)
at Pratice.First.close(First.java:15)
at Pratice.First.close(First.java:15)
at Pratice.First.close(First.java:15)
at Pratice.First.close(First.java:15)
at Pratice.First.close(First.java:15)
at Pratice.First.close(First.java:15)
at Pratice.First.close(First.java:15)
at Pratice.First.close(First.java:15)
at Pratice.First.close(First.java:15)
at Pratice.First.close(First.java:15)
at Pratice.First.close(First.java:15)
at Pratice.First.close(First.java:15)
at Pratice.First.close(First.java:15)
]]>
    </failure>
  </testcase> <!-- @AfterClass close -->
  <testcase name="tc1" time="2.678" classname="Pratice.First"/>
</testsuite> <!-- Default test -->
