<?xml version="1.0" encoding="UTF-8"?>
<!-- Generated by org.testng.reporters.JUnitXMLReporter -->
<testsuite hostname="LAPTOP-FGV6AHHK" ignored="3" name="Test" tests="6" failures="0" timestamp="14 Mar 2021 06:00:10 GMT" time="0.042" errors="0">
  <testcase name="tc11" time="0.007" classname="Pratice.Group2"/>
  <testcase name="tc22" time="0.001" classname="Pratice.Group2"/>
  <testcase name="tc1" time="0.001" classname="Pratice.Group1"/>
  <testcase name="tc2" time="0.001" classname="Pratice.Group1"/>
  <testcase name="tc111" time="0.001" classname="Pratice.Group3"/>
  <testcase name="tc333" time="0.001" classname="Pratice.Group3"/>
  <testcase name="tc33" time="0.0" classname="Pratice.Group2">
    <ignored/>
  </testcase> <!-- tc33 -->
  <testcase name="tc222" time="0.0" classname="Pratice.Group3">
    <ignored/>
  </testcase> <!-- tc222 -->
  <testcase name="tc3" time="0.0" classname="Pratice.Group1">
    <ignored/>
  </testcase> <!-- tc3 -->
</testsuite> <!-- Test -->
