<?xml version="1.0" encoding="UTF-8"?>
<testng-results skipped="0" failed="0" ignored="3" total="9" passed="6">
  <reporter-output>
  </reporter-output>
  <suite name="Suite" duration-ms="42" started-at="2021-03-14T06:00:10Z" finished-at="2021-03-14T06:00:10Z">
    <groups>
      <group name="smoke">
        <method signature="Group1.tc1()[pri:0, instance:Pratice.Group1@6ce139a4]" name="tc1" class="Pratice.Group1"/>
        <method signature="Group2.tc22()[pri:0, instance:Pratice.Group2@1fe20588]" name="tc22" class="Pratice.Group2"/>
        <method signature="Group3.tc333()[pri:0, instance:Pratice.Group3@6973bf95]" name="tc333" class="Pratice.Group3"/>
      </group> <!-- smoke -->
      <group name="sanity">
        <method signature="Group1.tc2()[pri:0, instance:Pratice.Group1@6ce139a4]" name="tc2" class="Pratice.Group1"/>
        <method signature="Group2.tc11()[pri:0, instance:Pratice.Group2@1fe20588]" name="tc11" class="Pratice.Group2"/>
        <method signature="Group3.tc111()[pri:0, instance:Pratice.Group3@6973bf95]" name="tc111" class="Pratice.Group3"/>
      </group> <!-- sanity -->
    </groups>
    <test name="Test" duration-ms="42" started-at="2021-03-14T06:00:10Z" finished-at="2021-03-14T06:00:10Z">
      <class name="Pratice.Group3">
        <test-method status="PASS" signature="tc111()[pri:0, instance:Pratice.Group3@6973bf95]" name="tc111" duration-ms="1" started-at="2021-03-14T06:00:10Z" finished-at="2021-03-14T06:00:10Z">
          <reporter-output>
          </reporter-output>
        </test-method> <!-- tc111 -->
        <test-method status="PASS" signature="tc333()[pri:0, instance:Pratice.Group3@6973bf95]" name="tc333" duration-ms="1" started-at="2021-03-14T06:00:10Z" finished-at="2021-03-14T06:00:10Z">
          <reporter-output>
          </reporter-output>
        </test-method> <!-- tc333 -->
      </class> <!-- Pratice.Group3 -->
      <class name="Pratice.Group2">
        <test-method status="PASS" signature="tc11()[pri:0, instance:Pratice.Group2@1fe20588]" name="tc11" duration-ms="7" started-at="2021-03-14T06:00:10Z" finished-at="2021-03-14T06:00:10Z">
          <reporter-output>
          </reporter-output>
        </test-method> <!-- tc11 -->
        <test-method status="PASS" signature="tc22()[pri:0, instance:Pratice.Group2@1fe20588]" name="tc22" duration-ms="1" started-at="2021-03-14T06:00:10Z" finished-at="2021-03-14T06:00:10Z">
          <reporter-output>
          </reporter-output>
        </test-method> <!-- tc22 -->
      </class> <!-- Pratice.Group2 -->
      <class name="Pratice.Group1">
        <test-method status="PASS" signature="tc1()[pri:0, instance:Pratice.Group1@6ce139a4]" name="tc1" duration-ms="1" started-at="2021-03-14T06:00:10Z" finished-at="2021-03-14T06:00:10Z">
          <reporter-output>
          </reporter-output>
        </test-method> <!-- tc1 -->
        <test-method status="PASS" signature="tc2()[pri:0, instance:Pratice.Group1@6ce139a4]" name="tc2" duration-ms="1" started-at="2021-03-14T06:00:10Z" finished-at="2021-03-14T06:00:10Z">
          <reporter-output>
          </reporter-output>
        </test-method> <!-- tc2 -->
      </class> <!-- Pratice.Group1 -->
    </test> <!-- Test -->
  </suite> <!-- Suite -->
</testng-results>
